
  RESERVED      2 BYTE
                  ^
Nicht unterstütztes Schlüsselwort 
in Zeile 35068 von C:\MS_S65\CDMS\VERS113\MCS\IGN.A2L

  RESERVED      2 BYTE
                  ^
Nicht unterstütztes Schlüsselwort 
in Zeile 35075 von C:\MS_S65\CDMS\VERS113\MCS\IGN.A2L

  RESERVED      2 BYTE
                  ^
Nicht unterstütztes Schlüsselwort 
in Zeile 35082 von C:\MS_S65\CDMS\VERS113\MCS\IGN.A2L

  RESERVED      2 BYTE
                  ^
Nicht unterstütztes Schlüsselwort 
in Zeile 35089 von C:\MS_S65\CDMS\VERS113\MCS\IGN.A2L

/end MEASUREMENT
^
Warnung: Kann resultierende Grenzen im MC-Modell nicht ermitteln
auf Elementtyp Min/Max-Werte gesetzt in Modellumrechnung 
in Zeile 17792 von C:\MS_S65\CDMS\VERS113\MCS\IGN.A2L

/end MEASUREMENT
^
Warnung: Kann resultierende Grenzen im MC-Modell nicht ermitteln
auf Elementtyp Min/Max-Werte gesetzt in Modellumrechnung 
in Zeile 17808 von C:\MS_S65\CDMS\VERS113\MCS\IGN.A2L

/end MEASUREMENT
^
Warnung: Kann resultierende Grenzen im MC-Modell nicht ermitteln
auf Elementtyp Min/Max-Werte gesetzt in Modellumrechnung 
in Zeile 18304 von C:\MS_S65\CDMS\VERS113\MCS\IGN.A2L

/end MEASUREMENT
^
Warnung: Kann resultierende Grenzen im MC-Modell nicht ermitteln
auf Elementtyp Min/Max-Werte gesetzt in Modellumrechnung 
in Zeile 18320 von C:\MS_S65\CDMS\VERS113\MCS\IGN.A2L

/end CHARACTERISTIC
^
Warnung: Resultierende Grenzen im MC-Modell angepasst in Modellumrechnung 
in Zeile 22934 von C:\MS_S65\CDMS\VERS113\MCS\IGN.A2L

/end CHARACTERISTIC
^
Warnung: Resultierende Grenzen im MC-Modell angepasst in Modellumrechnung 
in Zeile 22949 von C:\MS_S65\CDMS\VERS113\MCS\IGN.A2L

/end CHARACTERISTIC
^
Warnung: Resultierende Grenzen im MC-Modell angepasst in W-Achsen Modellumrechnung 
in Zeile 23131 von C:\MS_S65\CDMS\VERS113\MCS\IGN.A2L

/end CHARACTERISTIC
^
Warnung: Resultierende Grenzen im MC-Modell angepasst in W-Achsen Modellumrechnung 
in Zeile 23162 von C:\MS_S65\CDMS\VERS113\MCS\IGN.A2L

/end CHARACTERISTIC
^
Warnung: Resultierende Grenzen im MC-Modell angepasst in W-Achsen Modellumrechnung 
in Zeile 23193 von C:\MS_S65\CDMS\VERS113\MCS\IGN.A2L

/end CHARACTERISTIC
^
Warnung: Resultierende Grenzen im MC-Modell angepasst in W-Achsen Modellumrechnung 
in Zeile 23224 von C:\MS_S65\CDMS\VERS113\MCS\IGN.A2L

/end MEASUREMENT
^
Warnung: Resultierende Grenzen im MC-Modell angepasst in Modellumrechnung 
in Zeile 23390 von C:\MS_S65\CDMS\VERS113\MCS\IGN.A2L

/end MEASUREMENT
^
Warnung: Resultierende Grenzen im MC-Modell angepasst in Modellumrechnung 
in Zeile 23405 von C:\MS_S65\CDMS\VERS113\MCS\IGN.A2L

/end MEASUREMENT
^
Warnung: Resultierende Grenzen im MC-Modell angepasst in Modellumrechnung 
in Zeile 23420 von C:\MS_S65\CDMS\VERS113\MCS\IGN.A2L

/end MEASUREMENT
^
Warnung: Resultierende Grenzen im MC-Modell angepasst in Modellumrechnung 
in Zeile 23435 von C:\MS_S65\CDMS\VERS113\MCS\IGN.A2L

/end MEASUREMENT
^
Warnung: Resultierende Grenzen im MC-Modell angepasst in Modellumrechnung 
in Zeile 23450 von C:\MS_S65\CDMS\VERS113\MCS\IGN.A2L

/end MEASUREMENT
^
Warnung: Resultierende Grenzen im MC-Modell angepasst in Modellumrechnung 
in Zeile 23465 von C:\MS_S65\CDMS\VERS113\MCS\IGN.A2L

/end MEASUREMENT
^
Warnung: Resultierende Grenzen im MC-Modell angepasst in Modellumrechnung 
in Zeile 23480 von C:\MS_S65\CDMS\VERS113\MCS\IGN.A2L

/end MEASUREMENT
^
Warnung: Resultierende Grenzen im MC-Modell angepasst in Modellumrechnung 
in Zeile 23495 von C:\MS_S65\CDMS\VERS113\MCS\IGN.A2L

/end MEASUREMENT
^
Warnung: Resultierende Grenzen im MC-Modell angepasst in Modellumrechnung 
in Zeile 23510 von C:\MS_S65\CDMS\VERS113\MCS\IGN.A2L

/end MEASUREMENT
^
Warnung: Resultierende Grenzen im MC-Modell angepasst in Modellumrechnung 
in Zeile 23525 von C:\MS_S65\CDMS\VERS113\MCS\IGN.A2L

/end MEASUREMENT
^
Warnung: Resultierende Grenzen im MC-Modell angepasst in Modellumrechnung 
in Zeile 23540 von C:\MS_S65\CDMS\VERS113\MCS\IGN.A2L

/end MEASUREMENT
^
Warnung: Resultierende Grenzen im MC-Modell angepasst in Modellumrechnung 
in Zeile 23555 von C:\MS_S65\CDMS\VERS113\MCS\IGN.A2L

/end MEASUREMENT
^
Warnung: Resultierende Grenzen im MC-Modell angepasst in Modellumrechnung 
in Zeile 23570 von C:\MS_S65\CDMS\VERS113\MCS\IGN.A2L

/end MEASUREMENT
^
Warnung: Resultierende Grenzen im MC-Modell angepasst in Modellumrechnung 
in Zeile 23585 von C:\MS_S65\CDMS\VERS113\MCS\IGN.A2L

/end MEASUREMENT
^
Warnung: Resultierende Grenzen im MC-Modell angepasst in Modellumrechnung 
in Zeile 23600 von C:\MS_S65\CDMS\VERS113\MCS\IGN.A2L

/end MEASUREMENT
^
Warnung: Resultierende Grenzen im MC-Modell angepasst in Modellumrechnung 
in Zeile 23615 von C:\MS_S65\CDMS\VERS113\MCS\IGN.A2L

  RESERVED      2 BYTE
                  ^
Nicht unterstütztes Schlüsselwort 
in Zeile 35068 von C:\MS_S65\CDMS\VERS113\MCS\IGN.A2L

  RESERVED      2 BYTE
                  ^
Nicht unterstütztes Schlüsselwort 
in Zeile 35075 von C:\MS_S65\CDMS\VERS113\MCS\IGN.A2L

  RESERVED      2 BYTE
                  ^
Nicht unterstütztes Schlüsselwort 
in Zeile 35082 von C:\MS_S65\CDMS\VERS113\MCS\IGN.A2L

  RESERVED      2 BYTE
                  ^
Nicht unterstütztes Schlüsselwort 
in Zeile 35089 von C:\MS_S65\CDMS\VERS113\MCS\IGN.A2L
