
  RESERVED      2 BYTE
                  ^
Nicht unterstütztes Schlüsselwort 
in Zeile 29350 von C:\MS_S65\CDMS\VERS113\MCS\INJ.A2L

  RESERVED      2 BYTE
                  ^
Nicht unterstütztes Schlüsselwort 
in Zeile 29357 von C:\MS_S65\CDMS\VERS113\MCS\INJ.A2L

  RESERVED      2 BYTE
                  ^
Nicht unterstütztes Schlüsselwort 
in Zeile 29364 von C:\MS_S65\CDMS\VERS113\MCS\INJ.A2L

  RESERVED      2 BYTE
                  ^
Nicht unterstütztes Schlüsselwort 
in Zeile 29371 von C:\MS_S65\CDMS\VERS113\MCS\INJ.A2L

  RESERVED      2 BYTE
                  ^
Nicht unterstütztes Schlüsselwort 
in Zeile 29378 von C:\MS_S65\CDMS\VERS113\MCS\INJ.A2L

/end MEASUREMENT
^
Warnung: Kann resultierende Grenzen im MC-Modell nicht ermitteln
auf Elementtyp Min/Max-Werte gesetzt in Modellumrechnung 
in Zeile 8836 von C:\MS_S65\CDMS\VERS113\MCS\INJ.A2L

/end MEASUREMENT
^
Warnung: Kann resultierende Grenzen im MC-Modell nicht ermitteln
auf Elementtyp Min/Max-Werte gesetzt in Modellumrechnung 
in Zeile 8852 von C:\MS_S65\CDMS\VERS113\MCS\INJ.A2L

/end MEASUREMENT
^
Warnung: Kann resultierende Grenzen im MC-Modell nicht ermitteln
auf Elementtyp Min/Max-Werte gesetzt in Modellumrechnung 
in Zeile 8868 von C:\MS_S65\CDMS\VERS113\MCS\INJ.A2L

/end MEASUREMENT
^
Warnung: Kann resultierende Grenzen im MC-Modell nicht ermitteln
auf Elementtyp Min/Max-Werte gesetzt in Modellumrechnung 
in Zeile 8884 von C:\MS_S65\CDMS\VERS113\MCS\INJ.A2L

/end MEASUREMENT
^
Warnung: Kann resultierende Grenzen im MC-Modell nicht ermitteln
auf Elementtyp Min/Max-Werte gesetzt in Modellumrechnung 
in Zeile 8900 von C:\MS_S65\CDMS\VERS113\MCS\INJ.A2L

/end MEASUREMENT
^
Warnung: Kann resultierende Grenzen im MC-Modell nicht ermitteln
auf Elementtyp Min/Max-Werte gesetzt in Modellumrechnung 
in Zeile 12090 von C:\MS_S65\CDMS\VERS113\MCS\INJ.A2L

/end MEASUREMENT
^
Warnung: Kann resultierende Grenzen im MC-Modell nicht ermitteln
auf Elementtyp Min/Max-Werte gesetzt in Modellumrechnung 
in Zeile 12106 von C:\MS_S65\CDMS\VERS113\MCS\INJ.A2L

/end MEASUREMENT
^
Warnung: Kann resultierende Grenzen im MC-Modell nicht ermitteln
auf Elementtyp Min/Max-Werte gesetzt in Modellumrechnung 
in Zeile 12302 von C:\MS_S65\CDMS\VERS113\MCS\INJ.A2L

/end MEASUREMENT
^
Warnung: Kann resultierende Grenzen im MC-Modell nicht ermitteln
auf Elementtyp Min/Max-Werte gesetzt in Modellumrechnung 
in Zeile 12318 von C:\MS_S65\CDMS\VERS113\MCS\INJ.A2L

/end MEASUREMENT
^
Warnung: Kann resultierende Grenzen im MC-Modell nicht ermitteln
auf Elementtyp Min/Max-Werte gesetzt in Modellumrechnung 
in Zeile 12544 von C:\MS_S65\CDMS\VERS113\MCS\INJ.A2L

/end MEASUREMENT
^
Warnung: Kann resultierende Grenzen im MC-Modell nicht ermitteln
auf Elementtyp Min/Max-Werte gesetzt in Modellumrechnung 
in Zeile 12560 von C:\MS_S65\CDMS\VERS113\MCS\INJ.A2L

/end MEASUREMENT
^
Warnung: Kann resultierende Grenzen im MC-Modell nicht ermitteln
auf Elementtyp Min/Max-Werte gesetzt in Modellumrechnung 
in Zeile 13896 von C:\MS_S65\CDMS\VERS113\MCS\INJ.A2L

/end MEASUREMENT
^
Warnung: Kann resultierende Grenzen im MC-Modell nicht ermitteln
auf Elementtyp Min/Max-Werte gesetzt in Modellumrechnung 
in Zeile 13912 von C:\MS_S65\CDMS\VERS113\MCS\INJ.A2L

/end MEASUREMENT
^
Warnung: Kann resultierende Grenzen im MC-Modell nicht ermitteln
auf Elementtyp Min/Max-Werte gesetzt in Modellumrechnung 
in Zeile 15161 von C:\MS_S65\CDMS\VERS113\MCS\INJ.A2L

/end MEASUREMENT
^
Warnung: Kann resultierende Grenzen im MC-Modell nicht ermitteln
auf Elementtyp Min/Max-Werte gesetzt in Modellumrechnung 
in Zeile 15177 von C:\MS_S65\CDMS\VERS113\MCS\INJ.A2L

/end CHARACTERISTIC
^
Warnung: Resultierende Grenzen im MC-Modell angepasst in Modellumrechnung 
in Zeile 16967 von C:\MS_S65\CDMS\VERS113\MCS\INJ.A2L

/end MEASUREMENT
^
Warnung: Kann resultierende Grenzen im MC-Modell nicht ermitteln
auf Elementtyp Min/Max-Werte gesetzt in Modellumrechnung 
in Zeile 18873 von C:\MS_S65\CDMS\VERS113\MCS\INJ.A2L

/end MEASUREMENT
^
Warnung: Kann resultierende Grenzen im MC-Modell nicht ermitteln
auf Elementtyp Min/Max-Werte gesetzt in Modellumrechnung 
in Zeile 18889 von C:\MS_S65\CDMS\VERS113\MCS\INJ.A2L

/end MEASUREMENT
^
Warnung: Kann resultierende Grenzen im MC-Modell nicht ermitteln
auf Elementtyp Min/Max-Werte gesetzt in Modellumrechnung 
in Zeile 18965 von C:\MS_S65\CDMS\VERS113\MCS\INJ.A2L

/end MEASUREMENT
^
Warnung: Kann resultierende Grenzen im MC-Modell nicht ermitteln
auf Elementtyp Min/Max-Werte gesetzt in Modellumrechnung 
in Zeile 18981 von C:\MS_S65\CDMS\VERS113\MCS\INJ.A2L

/end MEASUREMENT
^
Warnung: Kann resultierende Grenzen im MC-Modell nicht ermitteln
auf Elementtyp Min/Max-Werte gesetzt in Modellumrechnung 
in Zeile 19731 von C:\MS_S65\CDMS\VERS113\MCS\INJ.A2L

/end MEASUREMENT
^
Warnung: Kann resultierende Grenzen im MC-Modell nicht ermitteln
auf Elementtyp Min/Max-Werte gesetzt in Modellumrechnung 
in Zeile 23013 von C:\MS_S65\CDMS\VERS113\MCS\INJ.A2L

  RESERVED      2 BYTE
                  ^
Nicht unterstütztes Schlüsselwort 
in Zeile 29350 von C:\MS_S65\CDMS\VERS113\MCS\INJ.A2L

  RESERVED      2 BYTE
                  ^
Nicht unterstütztes Schlüsselwort 
in Zeile 29357 von C:\MS_S65\CDMS\VERS113\MCS\INJ.A2L

  RESERVED      2 BYTE
                  ^
Nicht unterstütztes Schlüsselwort 
in Zeile 29364 von C:\MS_S65\CDMS\VERS113\MCS\INJ.A2L

  RESERVED      2 BYTE
                  ^
Nicht unterstütztes Schlüsselwort 
in Zeile 29371 von C:\MS_S65\CDMS\VERS113\MCS\INJ.A2L

  RESERVED      2 BYTE
                  ^
Nicht unterstütztes Schlüsselwort 
in Zeile 29378 von C:\MS_S65\CDMS\VERS113\MCS\INJ.A2L
